<?xml version="1.0" encoding="UTF-8"?>
<testsuite name="newREALs.backend.BackendApplicationTests" tests="1" skipped="0" failures="0" errors="0" timestamp="2024-11-14T06:04:09" hostname="DESKTOP-VAUCL5A" time="0.587">
  <properties/>
  <testcase name="contextLoads()" classname="newREALs.backend.BackendApplicationTests" time="0.587"/>
  <system-out><![CDATA[15:04:02.073 [Test worker] INFO org.springframework.test.context.support.AnnotationConfigContextLoaderUtils -- Could not detect default configuration classes for test class [newREALs.backend.BackendApplicationTests]: BackendApplicationTests does not declare any static, non-private, non-final, nested classes annotated with @Configuration.
15:04:02.213 [Test worker] INFO org.springframework.boot.test.context.SpringBootTestContextBootstrapper -- Found @SpringBootConfiguration newREALs.backend.BackendApplication for test class newREALs.backend.BackendApplicationTests

  .   ____          _            __ _ _
 /\\ / ___'_ __ _ _(_)_ __  __ _ \ \ \ \
( ( )\___ | '_ | '_| | '_ \/ _` | \ \ \ \
 \\/  ___)| |_)| | | | | || (_| |  ) ) ) )
  '  |____| .__|_| |_|_| |_\__, | / / / /
 =========|_|==============|___/=/_/_/_/

 :: Spring Boot ::                (v3.3.5)

2024-11-14T15:04:02.721+09:00  INFO 3792 --- [    Test worker] n.backend.BackendApplicationTests        : Starting BackendApplicationTests using Java 17.0.11 with PID 3792 (started by naaadang in C:\Users\naaadang\Desktop\newReals_backend)
2024-11-14T15:04:02.723+09:00  INFO 3792 --- [    Test worker] n.backend.BackendApplicationTests        : No active profile set, falling back to 1 default profile: "default"
2024-11-14T15:04:03.672+09:00  INFO 3792 --- [    Test worker] .s.d.r.c.RepositoryConfigurationDelegate : Bootstrapping Spring Data JPA repositories in DEFAULT mode.
2024-11-14T15:04:03.786+09:00  INFO 3792 --- [    Test worker] .s.d.r.c.RepositoryConfigurationDelegate : Finished Spring Data repository scanning in 102 ms. Found 4 JPA repository interfaces.
2024-11-14T15:04:04.555+09:00  INFO 3792 --- [    Test worker] o.hibernate.jpa.internal.util.LogHelper  : HHH000204: Processing PersistenceUnitInfo [name: default]
2024-11-14T15:04:04.649+09:00  INFO 3792 --- [    Test worker] org.hibernate.Version                    : HHH000412: Hibernate ORM core version 6.5.3.Final
2024-11-14T15:04:04.703+09:00  INFO 3792 --- [    Test worker] o.h.c.internal.RegionFactoryInitiator    : HHH000026: Second-level cache disabled
2024-11-14T15:04:05.128+09:00  INFO 3792 --- [    Test worker] o.s.o.j.p.SpringPersistenceUnitInfo      : No LoadTimeWeaver setup: ignoring JPA class transformer
2024-11-14T15:04:05.167+09:00  INFO 3792 --- [    Test worker] com.zaxxer.hikari.HikariDataSource       : HikariPool-1 - Starting...
2024-11-14T15:04:05.327+09:00  INFO 3792 --- [    Test worker] com.zaxxer.hikari.pool.HikariPool        : HikariPool-1 - Added connection conn0: url=jdbc:h2:mem:testdb user=SA
2024-11-14T15:04:05.329+09:00  INFO 3792 --- [    Test worker] com.zaxxer.hikari.HikariDataSource       : HikariPool-1 - Start completed.
2024-11-14T15:04:06.652+09:00  INFO 3792 --- [    Test worker] o.h.e.t.j.p.i.JtaPlatformInitiator       : HHH000489: No JTA platform available (set 'hibernate.transaction.jta.platform' to enable JTA platform integration)
2024-11-14T15:04:06.782+09:00  INFO 3792 --- [    Test worker] j.LocalContainerEntityManagerFactoryBean : Initialized JPA EntityManagerFactory for persistence unit 'default'
2024-11-14T15:04:07.587+09:00  WARN 3792 --- [    Test worker] JpaBaseConfiguration$JpaWebConfiguration : spring.jpa.open-in-view is enabled by default. Therefore, database queries may be performed during view rendering. Explicitly configure spring.jpa.open-in-view to disable this warning
2024-11-14T15:04:08.179+09:00  WARN 3792 --- [    Test worker] ion$DefaultTemplateResolverConfiguration : Cannot find template location: classpath:/templates/ (please add some templates, check your Thymeleaf configuration, or set spring.thymeleaf.check-template-location=false)
2024-11-14T15:04:08.256+09:00  INFO 3792 --- [    Test worker] o.s.b.a.h2.H2ConsoleAutoConfiguration    : H2 console available at '/h2-console'. Database available at 'jdbc:h2:mem:testdb'
2024-11-14T15:04:08.375+09:00  INFO 3792 --- [    Test worker] n.backend.BackendApplicationTests        : Started BackendApplicationTests in 5.974 seconds (process running for 7.314)
실행 but 초기화 아직
초기화 실행중
]]></system-out>
  <system-err><![CDATA[]]></system-err>
</testsuite>
